  Source.cpp
D:\Downloads\tweety\tweety\Source.cpp(35,27): warning C4309: '=': truncation of constant value
D:\Downloads\tweety\tweety\Source.cpp(28,9): warning C4101: 'i': unreferenced local variable
D:\Downloads\tweety\tweety\Source.cpp(676,15): warning C4309: '=': truncation of constant value
D:\Downloads\tweety\tweety\Source.cpp(677,19): warning C4309: '=': truncation of constant value
D:\Downloads\tweety\tweety\Source.cpp(678,19): warning C4309: '=': truncation of constant value
D:\Downloads\tweety\tweety\Source.cpp(679,19): warning C4309: '=': truncation of constant value
D:\Downloads\tweety\tweety\Source.cpp(680,19): warning C4309: '=': truncation of constant value
D:\Downloads\tweety\tweety\Source.cpp(681,19): warning C4309: '=': truncation of constant value
D:\Downloads\tweety\tweety\Source.cpp(682,19): warning C4309: '=': truncation of constant value
D:\Downloads\tweety\tweety\Source.cpp(683,19): warning C4309: '=': truncation of constant value
D:\Downloads\tweety\tweety\Source.cpp(684,19): warning C4309: '=': truncation of constant value
D:\Downloads\tweety\tweety\Source.cpp(686,19): warning C4309: '=': truncation of constant value
D:\Downloads\tweety\tweety\Source.cpp(687,23): warning C4309: '=': truncation of constant value
D:\Downloads\tweety\tweety\Source.cpp(688,23): warning C4309: '=': truncation of constant value
D:\Downloads\tweety\tweety\Source.cpp(689,23): warning C4309: '=': truncation of constant value
D:\Downloads\tweety\tweety\Source.cpp(690,23): warning C4309: '=': truncation of constant value
D:\Downloads\tweety\tweety\Source.cpp(691,23): warning C4309: '=': truncation of constant value
D:\Downloads\tweety\tweety\Source.cpp(692,23): warning C4309: '=': truncation of constant value
D:\Downloads\tweety\tweety\Source.cpp(693,23): warning C4309: '=': truncation of constant value
D:\Downloads\tweety\tweety\Source.cpp(694,23): warning C4309: '=': truncation of constant value
D:\Downloads\tweety\tweety\Source.cpp(696,19): warning C4309: '=': truncation of constant value
D:\Downloads\tweety\tweety\Source.cpp(697,23): warning C4309: '=': truncation of constant value
D:\Downloads\tweety\tweety\Source.cpp(698,23): warning C4309: '=': truncation of constant value
D:\Downloads\tweety\tweety\Source.cpp(699,23): warning C4309: '=': truncation of constant value
D:\Downloads\tweety\tweety\Source.cpp(700,23): warning C4309: '=': truncation of constant value
D:\Downloads\tweety\tweety\Source.cpp(701,23): warning C4309: '=': truncation of constant value
D:\Downloads\tweety\tweety\Source.cpp(702,23): warning C4309: '=': truncation of constant value
D:\Downloads\tweety\tweety\Source.cpp(703,23): warning C4309: '=': truncation of constant value
D:\Downloads\tweety\tweety\Source.cpp(704,23): warning C4309: '=': truncation of constant value
D:\Downloads\tweety\tweety\Source.cpp(706,19): warning C4309: '=': truncation of constant value
D:\Downloads\tweety\tweety\Source.cpp(707,23): warning C4309: '=': truncation of constant value
D:\Downloads\tweety\tweety\Source.cpp(708,23): warning C4309: '=': truncation of constant value
D:\Downloads\tweety\tweety\Source.cpp(709,23): warning C4309: '=': truncation of constant value
D:\Downloads\tweety\tweety\Source.cpp(710,23): warning C4309: '=': truncation of constant value
D:\Downloads\tweety\tweety\Source.cpp(711,23): warning C4309: '=': truncation of constant value
D:\Downloads\tweety\tweety\Source.cpp(712,23): warning C4309: '=': truncation of constant value
D:\Downloads\tweety\tweety\Source.cpp(713,23): warning C4309: '=': truncation of constant value
D:\Downloads\tweety\tweety\Source.cpp(714,23): warning C4309: '=': truncation of constant value
D:\Downloads\tweety\tweety\Source.cpp(716,19): warning C4309: '=': truncation of constant value
D:\Downloads\tweety\tweety\Source.cpp(717,23): warning C4309: '=': truncation of constant value
D:\Downloads\tweety\tweety\Source.cpp(718,23): warning C4309: '=': truncation of constant value
D:\Downloads\tweety\tweety\Source.cpp(719,23): warning C4309: '=': truncation of constant value
D:\Downloads\tweety\tweety\Source.cpp(720,23): warning C4309: '=': truncation of constant value
D:\Downloads\tweety\tweety\Source.cpp(721,23): warning C4309: '=': truncation of constant value
D:\Downloads\tweety\tweety\Source.cpp(722,23): warning C4309: '=': truncation of constant value
D:\Downloads\tweety\tweety\Source.cpp(723,23): warning C4309: '=': truncation of constant value
D:\Downloads\tweety\tweety\Source.cpp(724,23): warning C4309: '=': truncation of constant value
D:\Downloads\tweety\tweety\Source.cpp(726,19): warning C4309: '=': truncation of constant value
D:\Downloads\tweety\tweety\Source.cpp(727,23): warning C4309: '=': truncation of constant value
D:\Downloads\tweety\tweety\Source.cpp(728,23): warning C4309: '=': truncation of constant value
D:\Downloads\tweety\tweety\Source.cpp(729,23): warning C4309: '=': truncation of constant value
D:\Downloads\tweety\tweety\Source.cpp(730,23): warning C4309: '=': truncation of constant value
D:\Downloads\tweety\tweety\Source.cpp(731,23): warning C4309: '=': truncation of constant value
D:\Downloads\tweety\tweety\Source.cpp(732,23): warning C4309: '=': truncation of constant value
D:\Downloads\tweety\tweety\Source.cpp(733,23): warning C4309: '=': truncation of constant value
D:\Downloads\tweety\tweety\Source.cpp(734,23): warning C4309: '=': truncation of constant value
D:\Downloads\tweety\tweety\Source.cpp(736,19): warning C4309: '=': truncation of constant value
D:\Downloads\tweety\tweety\Source.cpp(737,23): warning C4309: '=': truncation of constant value
D:\Downloads\tweety\tweety\Source.cpp(738,23): warning C4309: '=': truncation of constant value
D:\Downloads\tweety\tweety\Source.cpp(739,23): warning C4309: '=': truncation of constant value
D:\Downloads\tweety\tweety\Source.cpp(740,23): warning C4309: '=': truncation of constant value
D:\Downloads\tweety\tweety\Source.cpp(741,23): warning C4309: '=': truncation of constant value
D:\Downloads\tweety\tweety\Source.cpp(742,23): warning C4309: '=': truncation of constant value
D:\Downloads\tweety\tweety\Source.cpp(743,23): warning C4309: '=': truncation of constant value
D:\Downloads\tweety\tweety\Source.cpp(744,23): warning C4309: '=': truncation of constant value
D:\Downloads\tweety\tweety\Source.cpp(746,19): warning C4309: '=': truncation of constant value
D:\Downloads\tweety\tweety\Source.cpp(747,23): warning C4309: '=': truncation of constant value
D:\Downloads\tweety\tweety\Source.cpp(748,23): warning C4309: '=': truncation of constant value
D:\Downloads\tweety\tweety\Source.cpp(749,23): warning C4309: '=': truncation of constant value
D:\Downloads\tweety\tweety\Source.cpp(750,23): warning C4309: '=': truncation of constant value
D:\Downloads\tweety\tweety\Source.cpp(751,23): warning C4309: '=': truncation of constant value
D:\Downloads\tweety\tweety\Source.cpp(752,23): warning C4309: '=': truncation of constant value
D:\Downloads\tweety\tweety\Source.cpp(753,23): warning C4309: '=': truncation of constant value
D:\Downloads\tweety\tweety\Source.cpp(754,23): warning C4309: '=': truncation of constant value
D:\Downloads\tweety\tweety\Source.cpp(756,19): warning C4309: '=': truncation of constant value
D:\Downloads\tweety\tweety\Source.cpp(757,23): warning C4309: '=': truncation of constant value
D:\Downloads\tweety\tweety\Source.cpp(758,23): warning C4309: '=': truncation of constant value
D:\Downloads\tweety\tweety\Source.cpp(759,23): warning C4309: '=': truncation of constant value
D:\Downloads\tweety\tweety\Source.cpp(760,23): warning C4309: '=': truncation of constant value
D:\Downloads\tweety\tweety\Source.cpp(761,23): warning C4309: '=': truncation of constant value
D:\Downloads\tweety\tweety\Source.cpp(762,23): warning C4309: '=': truncation of constant value
D:\Downloads\tweety\tweety\Source.cpp(763,23): warning C4309: '=': truncation of constant value
D:\Downloads\tweety\tweety\Source.cpp(764,23): warning C4309: '=': truncation of constant value
D:\Downloads\tweety\tweety\Source.cpp(766,19): warning C4309: '=': truncation of constant value
D:\Downloads\tweety\tweety\Source.cpp(767,23): warning C4309: '=': truncation of constant value
D:\Downloads\tweety\tweety\Source.cpp(768,23): warning C4309: '=': truncation of constant value
D:\Downloads\tweety\tweety\Source.cpp(769,23): warning C4309: '=': truncation of constant value
D:\Downloads\tweety\tweety\Source.cpp(770,23): warning C4309: '=': truncation of constant value
D:\Downloads\tweety\tweety\Source.cpp(771,23): warning C4309: '=': truncation of constant value
D:\Downloads\tweety\tweety\Source.cpp(772,23): warning C4309: '=': truncation of constant value
D:\Downloads\tweety\tweety\Source.cpp(773,23): warning C4309: '=': truncation of constant value
D:\Downloads\tweety\tweety\Source.cpp(774,23): warning C4309: '=': truncation of constant value
D:\Downloads\tweety\tweety\Source.cpp(776,20): warning C4309: '=': truncation of constant value
D:\Downloads\tweety\tweety\Source.cpp(777,24): warning C4309: '=': truncation of constant value
D:\Downloads\tweety\tweety\Source.cpp(778,24): warning C4309: '=': truncation of constant value
D:\Downloads\tweety\tweety\Source.cpp(779,24): warning C4309: '=': truncation of constant value
D:\Downloads\tweety\tweety\Source.cpp(780,24): warning C4309: '=': truncation of constant value
D:\Downloads\tweety\tweety\Source.cpp(781,24): warning C4309: '=': truncation of constant value
D:\Downloads\tweety\tweety\Source.cpp(782,24): warning C4309: '=': truncation of constant value
D:\Downloads\tweety\tweety\Source.cpp(783,24): warning C4309: '=': truncation of constant value
D:\Downloads\tweety\tweety\Source.cpp(784,24): warning C4309: '=': truncation of constant value
D:\Downloads\tweety\tweety\Source.cpp(786,20): warning C4309: '=': truncation of constant value
D:\Downloads\tweety\tweety\Source.cpp(787,24): warning C4309: '=': truncation of constant value
D:\Downloads\tweety\tweety\Source.cpp(788,24): warning C4309: '=': truncation of constant value
D:\Downloads\tweety\tweety\Source.cpp(789,24): warning C4309: '=': truncation of constant value
D:\Downloads\tweety\tweety\Source.cpp(790,24): warning C4309: '=': truncation of constant value
D:\Downloads\tweety\tweety\Source.cpp(791,24): warning C4309: '=': truncation of constant value
D:\Downloads\tweety\tweety\Source.cpp(792,24): warning C4309: '=': truncation of constant value
D:\Downloads\tweety\tweety\Source.cpp(793,24): warning C4309: '=': truncation of constant value
D:\Downloads\tweety\tweety\Source.cpp(794,24): warning C4309: '=': truncation of constant value
D:\Downloads\tweety\tweety\Source.cpp(796,20): warning C4309: '=': truncation of constant value
D:\Downloads\tweety\tweety\Source.cpp(797,24): warning C4309: '=': truncation of constant value
D:\Downloads\tweety\tweety\Source.cpp(798,24): warning C4309: '=': truncation of constant value
D:\Downloads\tweety\tweety\Source.cpp(799,24): warning C4309: '=': truncation of constant value
D:\Downloads\tweety\tweety\Source.cpp(800,24): warning C4309: '=': truncation of constant value
D:\Downloads\tweety\tweety\Source.cpp(801,24): warning C4309: '=': truncation of constant value
D:\Downloads\tweety\tweety\Source.cpp(802,24): warning C4309: '=': truncation of constant value
D:\Downloads\tweety\tweety\Source.cpp(803,24): warning C4309: '=': truncation of constant value
D:\Downloads\tweety\tweety\Source.cpp(804,24): warning C4309: '=': truncation of constant value
D:\Downloads\tweety\tweety\Source.cpp(806,20): warning C4309: '=': truncation of constant value
D:\Downloads\tweety\tweety\Source.cpp(807,24): warning C4309: '=': truncation of constant value
D:\Downloads\tweety\tweety\Source.cpp(808,24): warning C4309: '=': truncation of constant value
D:\Downloads\tweety\tweety\Source.cpp(809,24): warning C4309: '=': truncation of constant value
D:\Downloads\tweety\tweety\Source.cpp(810,24): warning C4309: '=': truncation of constant value
D:\Downloads\tweety\tweety\Source.cpp(811,24): warning C4309: '=': truncation of constant value
D:\Downloads\tweety\tweety\Source.cpp(812,24): warning C4309: '=': truncation of constant value
D:\Downloads\tweety\tweety\Source.cpp(813,24): warning C4309: '=': truncation of constant value
D:\Downloads\tweety\tweety\Source.cpp(814,24): warning C4309: '=': truncation of constant value
D:\Downloads\tweety\tweety\Source.cpp(816,20): warning C4309: '=': truncation of constant value
D:\Downloads\tweety\tweety\Source.cpp(817,24): warning C4309: '=': truncation of constant value
D:\Downloads\tweety\tweety\Source.cpp(818,24): warning C4309: '=': truncation of constant value
D:\Downloads\tweety\tweety\Source.cpp(819,24): warning C4309: '=': truncation of constant value
D:\Downloads\tweety\tweety\Source.cpp(820,24): warning C4309: '=': truncation of constant value
D:\Downloads\tweety\tweety\Source.cpp(821,24): warning C4309: '=': truncation of constant value
D:\Downloads\tweety\tweety\Source.cpp(822,24): warning C4309: '=': truncation of constant value
D:\Downloads\tweety\tweety\Source.cpp(823,24): warning C4309: '=': truncation of constant value
D:\Downloads\tweety\tweety\Source.cpp(824,24): warning C4309: '=': truncation of constant value
D:\Downloads\tweety\tweety\Source.cpp(826,20): warning C4309: '=': truncation of constant value
D:\Downloads\tweety\tweety\Source.cpp(827,24): warning C4309: '=': truncation of constant value
D:\Downloads\tweety\tweety\Source.cpp(828,24): warning C4309: '=': truncation of constant value
D:\Downloads\tweety\tweety\Source.cpp(829,24): warning C4309: '=': truncation of constant value
D:\Downloads\tweety\tweety\Source.cpp(830,24): warning C4309: '=': truncation of constant value
D:\Downloads\tweety\tweety\Source.cpp(831,24): warning C4309: '=': truncation of constant value
D:\Downloads\tweety\tweety\Source.cpp(832,24): warning C4309: '=': truncation of constant value
D:\Downloads\tweety\tweety\Source.cpp(833,24): warning C4309: '=': truncation of constant value
D:\Downloads\tweety\tweety\Source.cpp(834,24): warning C4309: '=': truncation of constant value
D:\Downloads\tweety\tweety\Source.cpp(836,20): warning C4309: '=': truncation of constant value
D:\Downloads\tweety\tweety\Source.cpp(837,24): warning C4309: '=': truncation of constant value
D:\Downloads\tweety\tweety\Source.cpp(838,24): warning C4309: '=': truncation of constant value
D:\Downloads\tweety\tweety\Source.cpp(839,24): warning C4309: '=': truncation of constant value
D:\Downloads\tweety\tweety\Source.cpp(840,24): warning C4309: '=': truncation of constant value
D:\Downloads\tweety\tweety\Source.cpp(841,24): warning C4309: '=': truncation of constant value
D:\Downloads\tweety\tweety\Source.cpp(842,24): warning C4309: '=': truncation of constant value
D:\Downloads\tweety\tweety\Source.cpp(843,24): warning C4309: '=': truncation of constant value
D:\Downloads\tweety\tweety\Source.cpp(844,24): warning C4309: '=': truncation of constant value
D:\Downloads\tweety\tweety\Source.cpp(846,20): warning C4309: '=': truncation of constant value
D:\Downloads\tweety\tweety\Source.cpp(847,24): warning C4309: '=': truncation of constant value
D:\Downloads\tweety\tweety\Source.cpp(848,24): warning C4309: '=': truncation of constant value
D:\Downloads\tweety\tweety\Source.cpp(849,24): warning C4309: '=': truncation of constant value
D:\Downloads\tweety\tweety\Source.cpp(850,24): warning C4309: '=': truncation of constant value
D:\Downloads\tweety\tweety\Source.cpp(851,24): warning C4309: '=': truncation of constant value
D:\Downloads\tweety\tweety\Source.cpp(852,24): warning C4309: '=': truncation of constant value
D:\Downloads\tweety\tweety\Source.cpp(853,24): warning C4309: '=': truncation of constant value
D:\Downloads\tweety\tweety\Source.cpp(854,24): warning C4309: '=': truncation of constant value
D:\Downloads\tweety\tweety\Source.cpp(856,20): warning C4309: '=': truncation of constant value
D:\Downloads\tweety\tweety\Source.cpp(857,24): warning C4309: '=': truncation of constant value
D:\Downloads\tweety\tweety\Source.cpp(858,24): warning C4309: '=': truncation of constant value
D:\Downloads\tweety\tweety\Source.cpp(859,24): warning C4309: '=': truncation of constant value
D:\Downloads\tweety\tweety\Source.cpp(860,24): warning C4309: '=': truncation of constant value
D:\Downloads\tweety\tweety\Source.cpp(861,24): warning C4309: '=': truncation of constant value
D:\Downloads\tweety\tweety\Source.cpp(862,24): warning C4309: '=': truncation of constant value
D:\Downloads\tweety\tweety\Source.cpp(863,24): warning C4309: '=': truncation of constant value
D:\Downloads\tweety\tweety\Source.cpp(864,24): warning C4309: '=': truncation of constant value
D:\Downloads\tweety\tweety\Source.cpp(866,20): warning C4309: '=': truncation of constant value
D:\Downloads\tweety\tweety\Source.cpp(867,24): warning C4309: '=': truncation of constant value
D:\Downloads\tweety\tweety\Source.cpp(868,24): warning C4309: '=': truncation of constant value
D:\Downloads\tweety\tweety\Source.cpp(869,24): warning C4309: '=': truncation of constant value
D:\Downloads\tweety\tweety\Source.cpp(870,24): warning C4309: '=': truncation of constant value
D:\Downloads\tweety\tweety\Source.cpp(871,24): warning C4309: '=': truncation of constant value
D:\Downloads\tweety\tweety\Source.cpp(872,24): warning C4309: '=': truncation of constant value
D:\Downloads\tweety\tweety\Source.cpp(873,24): warning C4309: '=': truncation of constant value
D:\Downloads\tweety\tweety\Source.cpp(874,24): warning C4309: '=': truncation of constant value
D:\Downloads\tweety\tweety\Source.cpp(876,20): warning C4309: '=': truncation of constant value
D:\Downloads\tweety\tweety\Source.cpp(877,24): warning C4309: '=': truncation of constant value
D:\Downloads\tweety\tweety\Source.cpp(878,24): warning C4309: '=': truncation of constant value
D:\Downloads\tweety\tweety\Source.cpp(879,24): warning C4309: '=': truncation of constant value
D:\Downloads\tweety\tweety\Source.cpp(880,24): warning C4309: '=': truncation of constant value
D:\Downloads\tweety\tweety\Source.cpp(881,24): warning C4309: '=': truncation of constant value
D:\Downloads\tweety\tweety\Source.cpp(882,24): warning C4309: '=': truncation of constant value
D:\Downloads\tweety\tweety\Source.cpp(883,24): warning C4309: '=': truncation of constant value
D:\Downloads\tweety\tweety\Source.cpp(884,24): warning C4309: '=': truncation of constant value
D:\Downloads\tweety\tweety\Source.cpp(1996,22): warning C4309: '=': truncation of constant value
D:\Downloads\tweety\tweety\Source.cpp(2001,22): warning C4309: '=': truncation of constant value
D:\Downloads\tweety\tweety\Source.cpp(2003,21): warning C4309: '=': truncation of constant value
D:\Downloads\tweety\tweety\Source.cpp(2189,1): warning C4326: return type of 'main' should be 'int' instead of 'void'
  tweety.vcxproj -> D:\Downloads\tweety\Debug\tweety.exe
